# JRE version: Java(TM) SE Runtime Environment (17.0.3.1+2) (build 17.0.3.1+2-LTS-6)
# Java VM: Java HotSpot(TM) 64-Bit Server VM (17.0.3.1+2-LTS-6, mixed mode, sharing, tiered, compressed oops, compressed class ptrs, g1 gc, windows-amd64)
GC Precious Log:
 CPUs: 4 total, 4 available
 Memory: 8095M
 Large Page Support: Disabled
 NUMA Support: Disabled
 Compressed Oops: Enabled (32-bit)
 Heap Region Size: 1M
 Heap Min Capacity: 8M
 Heap Initial Capacity: 128M
 Heap Max Capacity: 2024M
 Pre-touch: Disabled
 Parallel Workers: 4
 Concurrent Workers: 1
 Concurrent Refinement Workers: 4
 Periodic GC: Disabled
Heap:
 garbage-first heap   total 113664K, used 80141K [0x0000000081800000, 0x0000000100000000)
  region size 1024K, 23 young (23552K), 1 survivors (1024K)
 Metaspace       used 30986K, committed 31296K, reserved 1081344K
  class space    used 3428K, committed 3584K, reserved 1048576K
GC Heap History (20 events):
Event: 2.926 GC heap before
{Heap before GC invocations=3 (full 0):
 garbage-first heap   total 131072K, used 80652K [0x0000000081800000, 0x0000000100000000)
  region size 1024K, 76 young (77824K), 9 survivors (9216K)
 Metaspace       used 12980K, committed 13120K, reserved 1064960K
  class space    used 1459K, committed 1536K, reserved 1048576K
}
Event: 2.946 GC heap after
{Heap after GC invocations=4 (full 0):
 garbage-first heap   total 131072K, used 19508K [0x0000000081800000, 0x0000000100000000)
  region size 1024K, 8 young (8192K), 8 survivors (8192K)
 Metaspace       used 12980K, committed 13120K, reserved 1064960K
  class space    used 1459K, committed 1536K, reserved 1048576K
}
Event: 4.273 GC heap before
{Heap before GC invocations=4 (full 0):
 garbage-first heap   total 131072K, used 78900K [0x0000000081800000, 0x0000000100000000)
  region size 1024K, 66 young (67584K), 8 survivors (8192K)
 Metaspace       used 21274K, committed 21504K, reserved 1073152K
  class space    used 2420K, committed 2560K, reserved 1048576K
}
Event: 4.286 GC heap after
{Heap after GC invocations=5 (full 0):
 garbage-first heap   total 131072K, used 26624K [0x0000000081800000, 0x0000000100000000)
  region size 1024K, 7 young (7168K), 7 survivors (7168K)
 Metaspace       used 21274K, committed 21504K, reserved 1073152K
  class space    used 2420K, committed 2560K, reserved 1048576K
}
Event: 5.223 GC heap before
{Heap before GC invocations=6 (full 0):
 garbage-first heap   total 92160K, used 73728K [0x0000000081800000, 0x0000000100000000)
  region size 1024K, 53 young (54272K), 7 survivors (7168K)
 Metaspace       used 23651K, committed 23936K, reserved 1073152K
  class space    used 2660K, committed 2752K, reserved 1048576K
}
Event: 5.252 GC heap after
{Heap after GC invocations=7 (full 0):
 garbage-first heap   total 94208K, used 39424K [0x0000000081800000, 0x0000000100000000)
  region size 1024K, 9 young (9216K), 9 survivors (9216K)
 Metaspace       used 23651K, committed 23936K, reserved 1073152K
  class space    used 2660K, committed 2752K, reserved 1048576K
}
Event: 6.064 GC heap before
{Heap before GC invocations=8 (full 0):
 garbage-first heap   total 94208K, used 67072K [0x0000000081800000, 0x0000000100000000)
  region size 1024K, 37 young (37888K), 9 survivors (9216K)
 Metaspace       used 25247K, committed 25472K, reserved 1073152K
  class space    used 2841K, committed 2944K, reserved 1048576K
}
Event: 6.077 GC heap after
{Heap after GC invocations=9 (full 0):
 garbage-first heap   total 94208K, used 40960K [0x0000000081800000, 0x0000000100000000)
  region size 1024K, 1 young (1024K), 1 survivors (1024K)
 Metaspace       used 25247K, committed 25472K, reserved 1073152K
  class space    used 2841K, committed 2944K, reserved 1048576K
}
Event: 6.129 GC heap before
{Heap before GC invocations=9 (full 0):
 garbage-first heap   total 94208K, used 43008K [0x0000000081800000, 0x0000000100000000)
  region size 1024K, 4 young (4096K), 1 survivors (1024K)
 Metaspace       used 25417K, committed 25664K, reserved 1073152K
  class space    used 2866K, committed 3008K, reserved 1048576K
}
Event: 6.132 GC heap after
{Heap after GC invocations=10 (full 0):
 garbage-first heap   total 113664K, used 40942K [0x0000000081800000, 0x0000000100000000)
  region size 1024K, 1 young (1024K), 1 survivors (1024K)
 Metaspace       used 25417K, committed 25664K, reserved 1073152K
  class space    used 2866K, committed 3008K, reserved 1048576K
}
Event: 6.992 GC heap before
{Heap before GC invocations=10 (full 0):
 garbage-first heap   total 113664K, used 84974K [0x0000000081800000, 0x0000000100000000)
  region size 1024K, 42 young (43008K), 1 survivors (1024K)
 Metaspace       used 27287K, committed 27648K, reserved 1073152K
  class space    used 3058K, committed 3264K, reserved 1048576K
}
Event: 6.999 GC heap after
{Heap after GC invocations=11 (full 0):
 garbage-first heap   total 113664K, used 42092K [0x0000000081800000, 0x0000000100000000)
  region size 1024K, 2 young (2048K), 2 survivors (2048K)
 Metaspace       used 27287K, committed 27648K, reserved 1073152K
  class space    used 3058K, committed 3264K, reserved 1048576K
}
Event: 7.655 GC heap before
{Heap before GC invocations=11 (full 0):
 garbage-first heap   total 113664K, used 87148K [0x0000000081800000, 0x0000000100000000)
  region size 1024K, 44 young (45056K), 2 survivors (2048K)
 Metaspace       used 27361K, committed 27712K, reserved 1073152K
  class space    used 3058K, committed 3264K, reserved 1048576K
}
Event: 7.672 GC heap after
{Heap after GC invocations=12 (full 0):
 garbage-first heap   total 113664K, used 59392K [0x0000000081800000, 0x0000000100000000)
  region size 1024K, 6 young (6144K), 6 survivors (6144K)
 Metaspace       used 27361K, committed 27712K, reserved 1073152K
  class space    used 3058K, committed 3264K, reserved 1048576K
}
Event: 8.265 GC heap before
{Heap before GC invocations=12 (full 0):
 garbage-first heap   total 113664K, used 86016K [0x0000000081800000, 0x0000000100000000)
  region size 1024K, 33 young (33792K), 6 survivors (6144K)
 Metaspace       used 28649K, committed 28992K, reserved 1081344K
  class space    used 3212K, committed 3392K, reserved 1048576K
}
Event: 8.272 GC heap after
{Heap after GC invocations=13 (full 0):
 garbage-first heap   total 113664K, used 61752K [0x0000000081800000, 0x0000000100000000)
  region size 1024K, 2 young (2048K), 2 survivors (2048K)
 Metaspace       used 28649K, committed 28992K, reserved 1081344K
  class space    used 3212K, committed 3392K, reserved 1048576K
}
Event: 8.720 GC heap before
{Heap before GC invocations=14 (full 0):
 garbage-first heap   total 113664K, used 88376K [0x0000000081800000, 0x0000000100000000)
  region size 1024K, 28 young (28672K), 2 survivors (2048K)
 Metaspace       used 29923K, committed 30208K, reserved 1081344K
  class space    used 3326K, committed 3456K, reserved 1048576K
}
Event: 8.727 GC heap after
{Heap after GC invocations=15 (full 0):
 garbage-first heap   total 113664K, used 61881K [0x0000000081800000, 0x0000000100000000)
  region size 1024K, 3 young (3072K), 3 survivors (3072K)
 Metaspace       used 29923K, committed 30208K, reserved 1081344K
  class space    used 3326K, committed 3456K, reserved 1048576K
}
Event: 8.865 GC heap before
{Heap before GC invocations=15 (full 0):
 garbage-first heap   total 113664K, used 62905K [0x0000000081800000, 0x0000000100000000)
  region size 1024K, 5 young (5120K), 3 survivors (3072K)
 Metaspace       used 30003K, committed 30400K, reserved 1081344K
  class space    used 3336K, committed 3520K, reserved 1048576K
}
Event: 8.872 GC heap after
{Heap after GC invocations=16 (full 0):
 garbage-first heap   total 113664K, used 58637K [0x0000000081800000, 0x0000000100000000)
  region size 1024K, 1 young (1024K), 1 survivors (1024K)
 Metaspace       used 30003K, committed 30400K, reserved 1081344K
  class space    used 3336K, committed 3520K, reserved 1048576K
}

