# JRE version: Java(TM) SE Runtime Environment (17.0.3.1+2) (build 17.0.3.1+2-LTS-6)
# Java VM: Java HotSpot(TM) 64-Bit Server VM (17.0.3.1+2-LTS-6, mixed mode, sharing, tiered, compressed oops, compressed class ptrs, g1 gc, windows-amd64)
GC Precious Log:
 CPUs: 4 total, 4 available
 Memory: 8095M
 Large Page Support: Disabled
 NUMA Support: Disabled
 Compressed Oops: Enabled (32-bit)
 Heap Region Size: 1M
 Heap Min Capacity: 8M
 Heap Initial Capacity: 128M
 Heap Max Capacity: 2024M
 Pre-touch: Disabled
 Parallel Workers: 4
 Concurrent Workers: 1
 Concurrent Refinement Workers: 4
 Periodic GC: Disabled
Heap:
 garbage-first heap   total 182272K, used 50217K [0x0000000081800000, 0x0000000100000000)
  region size 1024K, 7 young (7168K), 1 survivors (1024K)
 Metaspace       used 29560K, committed 29888K, reserved 1081344K
  class space    used 3252K, committed 3392K, reserved 1048576K
GC Heap History (20 events):
Event: 4.389 GC heap before
{Heap before GC invocations=4 (full 0):
 garbage-first heap   total 131072K, used 78347K [0x0000000081800000, 0x0000000100000000)
  region size 1024K, 64 young (65536K), 7 survivors (7168K)
 Metaspace       used 21287K, committed 21504K, reserved 1073152K
  class space    used 2420K, committed 2560K, reserved 1048576K
}
Event: 4.402 GC heap after
{Heap after GC invocations=5 (full 0):
 garbage-first heap   total 131072K, used 27069K [0x0000000081800000, 0x0000000100000000)
  region size 1024K, 8 young (8192K), 8 survivors (8192K)
 Metaspace       used 21287K, committed 21504K, reserved 1073152K
  class space    used 2420K, committed 2560K, reserved 1048576K
}
Event: 5.404 GC heap before
{Heap before GC invocations=6 (full 0):
 garbage-first heap   total 96256K, used 76221K [0x0000000081800000, 0x0000000100000000)
  region size 1024K, 56 young (57344K), 8 survivors (8192K)
 Metaspace       used 23815K, committed 24064K, reserved 1073152K
  class space    used 2675K, committed 2816K, reserved 1048576K
}
Event: 5.436 GC heap after
{Heap after GC invocations=7 (full 0):
 garbage-first heap   total 97280K, used 39424K [0x0000000081800000, 0x0000000100000000)
  region size 1024K, 9 young (9216K), 9 survivors (9216K)
 Metaspace       used 23815K, committed 24064K, reserved 1073152K
  class space    used 2675K, committed 2816K, reserved 1048576K
}
Event: 6.154 GC heap before
{Heap before GC invocations=8 (full 0):
 garbage-first heap   total 97280K, used 69120K [0x0000000081800000, 0x0000000100000000)
  region size 1024K, 39 young (39936K), 9 survivors (9216K)
 Metaspace       used 25506K, committed 25792K, reserved 1073152K
  class space    used 2873K, committed 3008K, reserved 1048576K
}
Event: 6.168 GC heap after
{Heap after GC invocations=9 (full 0):
 garbage-first heap   total 97280K, used 40448K [0x0000000081800000, 0x0000000100000000)
  region size 1024K, 1 young (1024K), 1 survivors (1024K)
 Metaspace       used 25506K, committed 25792K, reserved 1073152K
  class space    used 2873K, committed 3008K, reserved 1048576K
}
Event: 6.188 GC heap before
{Heap before GC invocations=9 (full 0):
 garbage-first heap   total 97280K, used 43520K [0x0000000081800000, 0x0000000100000000)
  region size 1024K, 4 young (4096K), 1 survivors (1024K)
 Metaspace       used 25543K, committed 25856K, reserved 1073152K
  class space    used 2875K, committed 3008K, reserved 1048576K
}
Event: 6.192 GC heap after
{Heap after GC invocations=10 (full 0):
 garbage-first heap   total 116736K, used 40426K [0x0000000081800000, 0x0000000100000000)
  region size 1024K, 1 young (1024K), 1 survivors (1024K)
 Metaspace       used 25543K, committed 25856K, reserved 1073152K
  class space    used 2875K, committed 3008K, reserved 1048576K
}
Event: 7.069 GC heap before
{Heap before GC invocations=10 (full 0):
 garbage-first heap   total 116736K, used 87530K [0x0000000081800000, 0x0000000100000000)
  region size 1024K, 45 young (46080K), 1 survivors (1024K)
 Metaspace       used 27292K, committed 27648K, reserved 1081344K
  class space    used 3058K, committed 3264K, reserved 1048576K
}
Event: 7.080 GC heap after
{Heap after GC invocations=11 (full 0):
 garbage-first heap   total 116736K, used 46983K [0x0000000081800000, 0x0000000100000000)
  region size 1024K, 6 young (6144K), 6 survivors (6144K)
 Metaspace       used 27292K, committed 27648K, reserved 1081344K
  class space    used 3058K, committed 3264K, reserved 1048576K
}
Event: 7.666 GC heap before
{Heap before GC invocations=11 (full 0):
 garbage-first heap   total 116736K, used 87943K [0x0000000081800000, 0x0000000100000000)
  region size 1024K, 45 young (46080K), 6 survivors (6144K)
 Metaspace       used 27547K, committed 27904K, reserved 1081344K
  class space    used 3077K, committed 3264K, reserved 1048576K
}
Event: 7.682 GC heap after
{Heap after GC invocations=12 (full 0):
 garbage-first heap   total 116736K, used 59615K [0x0000000081800000, 0x0000000100000000)
  region size 1024K, 6 young (6144K), 6 survivors (6144K)
 Metaspace       used 27547K, committed 27904K, reserved 1081344K
  class space    used 3077K, committed 3264K, reserved 1048576K
}
Event: 8.207 GC heap before
{Heap before GC invocations=12 (full 0):
 garbage-first heap   total 116736K, used 86239K [0x0000000081800000, 0x0000000100000000)
  region size 1024K, 33 young (33792K), 6 survivors (6144K)
 Metaspace       used 28705K, committed 29056K, reserved 1081344K
  class space    used 3220K, committed 3392K, reserved 1048576K
}
Event: 8.214 GC heap after
{Heap after GC invocations=13 (full 0):
 garbage-first heap   total 116736K, used 57292K [0x0000000081800000, 0x0000000100000000)
  region size 1024K, 1 young (1024K), 1 survivors (1024K)
 Metaspace       used 28705K, committed 29056K, reserved 1081344K
  class space    used 3220K, committed 3392K, reserved 1048576K
}
Event: 8.751 GC heap before
{Heap before GC invocations=14 (full 0):
 garbage-first heap   total 116736K, used 86988K [0x0000000081800000, 0x0000000100000000)
  region size 1024K, 32 young (32768K), 1 survivors (1024K)
 Metaspace       used 28436K, committed 28800K, reserved 1081344K
  class space    used 3143K, committed 3328K, reserved 1048576K
}
Event: 8.759 GC heap after
{Heap after GC invocations=15 (full 0):
 garbage-first heap   total 116736K, used 56742K [0x0000000081800000, 0x0000000100000000)
  region size 1024K, 3 young (3072K), 3 survivors (3072K)
 Metaspace       used 28436K, committed 28800K, reserved 1081344K
  class space    used 3143K, committed 3328K, reserved 1048576K
}
Event: 8.769 GC heap before
{Heap before GC invocations=15 (full 0):
 garbage-first heap   total 116736K, used 58790K [0x0000000081800000, 0x0000000100000000)
  region size 1024K, 5 young (5120K), 3 survivors (3072K)
 Metaspace       used 28438K, committed 28800K, reserved 1081344K
  class space    used 3143K, committed 3328K, reserved 1048576K
}
Event: 8.780 GC heap after
{Heap after GC invocations=16 (full 0):
 garbage-first heap   total 182272K, used 46935K [0x0000000081800000, 0x0000000100000000)
  region size 1024K, 1 young (1024K), 1 survivors (1024K)
 Metaspace       used 28438K, committed 28800K, reserved 1081344K
  class space    used 3143K, committed 3328K, reserved 1048576K
}
Event: 8.844 GC heap before
{Heap before GC invocations=16 (full 0):
 garbage-first heap   total 182272K, used 54103K [0x0000000081800000, 0x0000000100000000)
  region size 1024K, 8 young (8192K), 1 survivors (1024K)
 Metaspace       used 28582K, committed 28928K, reserved 1081344K
  class space    used 3153K, committed 3328K, reserved 1048576K
}
Event: 8.846 GC heap after
{Heap after GC invocations=17 (full 0):
 garbage-first heap   total 182272K, used 45097K [0x0000000081800000, 0x0000000100000000)
  region size 1024K, 1 young (1024K), 1 survivors (1024K)
 Metaspace       used 28582K, committed 28928K, reserved 1081344K
  class space    used 3153K, committed 3328K, reserved 1048576K
}

