# JRE version: Java(TM) SE Runtime Environment (17.0.3.1+2) (build 17.0.3.1+2-LTS-6)
# Java VM: Java HotSpot(TM) 64-Bit Server VM (17.0.3.1+2-LTS-6, mixed mode, sharing, tiered, compressed oops, compressed class ptrs, g1 gc, windows-amd64)
GC Precious Log:
 CPUs: 4 total, 4 available
 Memory: 8095M
 Large Page Support: Disabled
 NUMA Support: Disabled
 Compressed Oops: Enabled (32-bit)
 Heap Region Size: 1M
 Heap Min Capacity: 8M
 Heap Initial Capacity: 128M
 Heap Max Capacity: 2024M
 Pre-touch: Disabled
 Parallel Workers: 4
 Concurrent Workers: 1
 Concurrent Refinement Workers: 4
 Periodic GC: Disabled
Heap:
 garbage-first heap   total 92160K, used 61275K [0x0000000081800000, 0x0000000100000000)
  region size 1024K, 44 young (45056K), 3 survivors (3072K)
 Metaspace       used 52201K, committed 52608K, reserved 1097728K
  class space    used 7134K, committed 7360K, reserved 1048576K
GC Heap History (20 events):
Event: 2.322 GC heap before
{Heap before GC invocations=2 (full 0):
 garbage-first heap   total 131072K, used 29866K [0x0000000081800000, 0x0000000100000000)
  region size 1024K, 25 young (25600K), 2 survivors (2048K)
 Metaspace       used 12404K, committed 12608K, reserved 1064960K
  class space    used 1644K, committed 1728K, reserved 1048576K
}
Event: 2.327 GC heap after
{Heap after GC invocations=3 (full 0):
 garbage-first heap   total 131072K, used 8989K [0x0000000081800000, 0x0000000100000000)
  region size 1024K, 3 young (3072K), 3 survivors (3072K)
 Metaspace       used 12404K, committed 12608K, reserved 1064960K
  class space    used 1644K, committed 1728K, reserved 1048576K
}
Event: 3.670 GC heap before
{Heap before GC invocations=3 (full 0):
 garbage-first heap   total 131072K, used 57117K [0x0000000081800000, 0x0000000100000000)
  region size 1024K, 51 young (52224K), 3 survivors (3072K)
 Metaspace       used 21277K, committed 21504K, reserved 1073152K
  class space    used 2703K, committed 2816K, reserved 1048576K
}
Event: 3.680 GC heap after
{Heap after GC invocations=4 (full 0):
 garbage-first heap   total 131072K, used 11722K [0x0000000081800000, 0x0000000100000000)
  region size 1024K, 6 young (6144K), 6 survivors (6144K)
 Metaspace       used 21277K, committed 21504K, reserved 1073152K
  class space    used 2703K, committed 2816K, reserved 1048576K
}
Event: 4.630 GC heap before
{Heap before GC invocations=5 (full 0):
 garbage-first heap   total 45056K, used 35274K [0x0000000081800000, 0x0000000100000000)
  region size 1024K, 30 young (30720K), 6 survivors (6144K)
 Metaspace       used 25674K, committed 26048K, reserved 1073152K
  class space    used 3382K, committed 3584K, reserved 1048576K
}
Event: 4.646 GC heap after
{Heap after GC invocations=6 (full 0):
 garbage-first heap   total 46080K, used 14278K [0x0000000081800000, 0x0000000100000000)
  region size 1024K, 7 young (7168K), 7 survivors (7168K)
 Metaspace       used 25674K, committed 26048K, reserved 1073152K
  class space    used 3382K, committed 3584K, reserved 1048576K
}
Event: 4.672 GC heap before
{Heap before GC invocations=6 (full 0):
 garbage-first heap   total 46080K, used 15302K [0x0000000081800000, 0x0000000100000000)
  region size 1024K, 8 young (8192K), 7 survivors (7168K)
 Metaspace       used 25827K, committed 26112K, reserved 1073152K
  class space    used 3405K, committed 3584K, reserved 1048576K
}
Event: 4.686 GC heap after
{Heap after GC invocations=7 (full 0):
 garbage-first heap   total 46080K, used 14673K [0x0000000081800000, 0x0000000100000000)
  region size 1024K, 1 young (1024K), 1 survivors (1024K)
 Metaspace       used 25827K, committed 26112K, reserved 1073152K
  class space    used 3405K, committed 3584K, reserved 1048576K
}
Event: 5.342 GC heap before
{Heap before GC invocations=7 (full 0):
 garbage-first heap   total 46080K, used 32081K [0x0000000081800000, 0x0000000100000000)
  region size 1024K, 18 young (18432K), 1 survivors (1024K)
 Metaspace       used 29559K, committed 29824K, reserved 1081344K
  class space    used 3827K, committed 3968K, reserved 1048576K
}
Event: 5.345 GC heap after
{Heap after GC invocations=8 (full 0):
 garbage-first heap   total 46080K, used 15531K [0x0000000081800000, 0x0000000100000000)
  region size 1024K, 2 young (2048K), 2 survivors (2048K)
 Metaspace       used 29559K, committed 29824K, reserved 1081344K
  class space    used 3827K, committed 3968K, reserved 1048576K
}
Event: 5.811 GC heap before
{Heap before GC invocations=8 (full 0):
 garbage-first heap   total 46080K, used 31915K [0x0000000081800000, 0x0000000100000000)
  region size 1024K, 18 young (18432K), 2 survivors (2048K)
 Metaspace       used 33372K, committed 33728K, reserved 1081344K
  class space    used 4429K, committed 4608K, reserved 1048576K
}
Event: 5.820 GC heap after
{Heap after GC invocations=9 (full 0):
 garbage-first heap   total 46080K, used 16449K [0x0000000081800000, 0x0000000100000000)
  region size 1024K, 1 young (1024K), 1 survivors (1024K)
 Metaspace       used 33372K, committed 33728K, reserved 1081344K
  class space    used 4429K, committed 4608K, reserved 1048576K
}
Event: 6.163 GC heap before
{Heap before GC invocations=9 (full 0):
 garbage-first heap   total 46080K, used 22593K [0x0000000081800000, 0x0000000100000000)
  region size 1024K, 8 young (8192K), 1 survivors (1024K)
 Metaspace       used 35695K, committed 35968K, reserved 1081344K
  class space    used 4827K, committed 4992K, reserved 1048576K
}
Event: 6.166 GC heap after
{Heap after GC invocations=10 (full 0):
 garbage-first heap   total 46080K, used 16832K [0x0000000081800000, 0x0000000100000000)
  region size 1024K, 2 young (2048K), 2 survivors (2048K)
 Metaspace       used 35695K, committed 35968K, reserved 1081344K
  class space    used 4827K, committed 4992K, reserved 1048576K
}
Event: 6.839 GC heap before
{Heap before GC invocations=11 (full 0):
 garbage-first heap   total 46080K, used 33216K [0x0000000081800000, 0x0000000100000000)
  region size 1024K, 18 young (18432K), 2 survivors (2048K)
 Metaspace       used 40359K, committed 40704K, reserved 1089536K
  class space    used 5422K, committed 5632K, reserved 1048576K
}
Event: 6.843 GC heap after
{Heap after GC invocations=12 (full 0):
 garbage-first heap   total 46080K, used 17993K [0x0000000081800000, 0x0000000100000000)
  region size 1024K, 3 young (3072K), 3 survivors (3072K)
 Metaspace       used 40359K, committed 40704K, reserved 1089536K
  class space    used 5422K, committed 5632K, reserved 1048576K
}
Event: 7.463 GC heap before
{Heap before GC invocations=13 (full 0):
 garbage-first heap   total 46080K, used 34377K [0x0000000081800000, 0x0000000100000000)
  region size 1024K, 19 young (19456K), 3 survivors (3072K)
 Metaspace       used 44224K, committed 44544K, reserved 1089536K
  class space    used 6055K, committed 6208K, reserved 1048576K
}
Event: 7.469 GC heap after
{Heap after GC invocations=14 (full 0):
 garbage-first heap   total 46080K, used 19088K [0x0000000081800000, 0x0000000100000000)
  region size 1024K, 3 young (3072K), 3 survivors (3072K)
 Metaspace       used 44224K, committed 44544K, reserved 1089536K
  class space    used 6055K, committed 6208K, reserved 1048576K
}
Event: 7.912 GC heap before
{Heap before GC invocations=14 (full 0):
 garbage-first heap   total 46080K, used 34448K [0x0000000081800000, 0x0000000100000000)
  region size 1024K, 18 young (18432K), 3 survivors (3072K)
 Metaspace       used 47212K, committed 47616K, reserved 1097728K
  class space    used 6453K, committed 6656K, reserved 1048576K
}
Event: 7.917 GC heap after
{Heap after GC invocations=15 (full 0):
 garbage-first heap   total 92160K, used 20315K [0x0000000081800000, 0x0000000100000000)
  region size 1024K, 3 young (3072K), 3 survivors (3072K)
 Metaspace       used 47212K, committed 47616K, reserved 1097728K
  class space    used 6453K, committed 6656K, reserved 1048576K
}

