# JRE version: Java(TM) SE Runtime Environment (17.0.3.1+2) (build 17.0.3.1+2-LTS-6)
# Java VM: Java HotSpot(TM) 64-Bit Server VM (17.0.3.1+2-LTS-6, mixed mode, sharing, tiered, compressed oops, compressed class ptrs, g1 gc, windows-amd64)
GC Precious Log:
 CPUs: 4 total, 4 available
 Memory: 8095M
 Large Page Support: Disabled
 NUMA Support: Disabled
 Compressed Oops: Enabled (32-bit)
 Heap Region Size: 1M
 Heap Min Capacity: 8M
 Heap Initial Capacity: 128M
 Heap Max Capacity: 2024M
 Pre-touch: Disabled
 Parallel Workers: 4
 Concurrent Workers: 1
 Concurrent Refinement Workers: 4
 Periodic GC: Disabled
Heap:
 garbage-first heap   total 55296K, used 27252K [0x0000000081800000, 0x0000000100000000)
  region size 1024K, 5 young (5120K), 2 survivors (2048K)
 Metaspace       used 51412K, committed 51776K, reserved 1097728K
  class space    used 7033K, committed 7232K, reserved 1048576K
GC Heap History (20 events):
Event: 3.604 GC heap before
{Heap before GC invocations=2 (full 0):
 garbage-first heap   total 131072K, used 29911K [0x0000000081800000, 0x0000000100000000)
  region size 1024K, 22 young (22528K), 1 survivors (1024K)
 Metaspace       used 11204K, committed 11392K, reserved 1064960K
  class space    used 1419K, committed 1472K, reserved 1048576K
}
Event: 3.610 GC heap after
{Heap after GC invocations=3 (full 0):
 garbage-first heap   total 131072K, used 10847K [0x0000000081800000, 0x0000000100000000)
  region size 1024K, 3 young (3072K), 3 survivors (3072K)
 Metaspace       used 11204K, committed 11392K, reserved 1064960K
  class space    used 1419K, committed 1472K, reserved 1048576K
}
Event: 5.455 GC heap before
{Heap before GC invocations=3 (full 0):
 garbage-first heap   total 131072K, used 63071K [0x0000000081800000, 0x0000000100000000)
  region size 1024K, 56 young (57344K), 3 survivors (3072K)
 Metaspace       used 21293K, committed 21504K, reserved 1073152K
  class space    used 2707K, committed 2816K, reserved 1048576K
}
Event: 5.466 GC heap after
{Heap after GC invocations=4 (full 0):
 garbage-first heap   total 131072K, used 14057K [0x0000000081800000, 0x0000000100000000)
  region size 1024K, 6 young (6144K), 6 survivors (6144K)
 Metaspace       used 21293K, committed 21504K, reserved 1073152K
  class space    used 2707K, committed 2816K, reserved 1048576K
}
Event: 6.845 GC heap before
{Heap before GC invocations=5 (full 0):
 garbage-first heap   total 55296K, used 43753K [0x0000000081800000, 0x0000000100000000)
  region size 1024K, 36 young (36864K), 6 survivors (6144K)
 Metaspace       used 27651K, committed 27968K, reserved 1081344K
  class space    used 3602K, committed 3712K, reserved 1048576K
}
Event: 6.864 GC heap after
{Heap after GC invocations=6 (full 0):
 garbage-first heap   total 55296K, used 17382K [0x0000000081800000, 0x0000000100000000)
  region size 1024K, 8 young (8192K), 8 survivors (8192K)
 Metaspace       used 27651K, committed 27968K, reserved 1081344K
  class space    used 3602K, committed 3712K, reserved 1048576K
}
Event: 6.894 GC heap before
{Heap before GC invocations=6 (full 0):
 garbage-first heap   total 55296K, used 17382K [0x0000000081800000, 0x0000000100000000)
  region size 1024K, 9 young (9216K), 8 survivors (8192K)
 Metaspace       used 27986K, committed 28288K, reserved 1081344K
  class space    used 3638K, committed 3776K, reserved 1048576K
}
Event: 6.911 GC heap after
{Heap after GC invocations=7 (full 0):
 garbage-first heap   total 55296K, used 17811K [0x0000000081800000, 0x0000000100000000)
  region size 1024K, 1 young (1024K), 1 survivors (1024K)
 Metaspace       used 27986K, committed 28288K, reserved 1081344K
  class space    used 3638K, committed 3776K, reserved 1048576K
}
Event: 7.579 GC heap before
{Heap before GC invocations=7 (full 0):
 garbage-first heap   total 55296K, used 36243K [0x0000000081800000, 0x0000000100000000)
  region size 1024K, 20 young (20480K), 1 survivors (1024K)
 Metaspace       used 31135K, committed 31488K, reserved 1081344K
  class space    used 4043K, committed 4224K, reserved 1048576K
}
Event: 7.583 GC heap after
{Heap after GC invocations=8 (full 0):
 garbage-first heap   total 55296K, used 18338K [0x0000000081800000, 0x0000000100000000)
  region size 1024K, 2 young (2048K), 2 survivors (2048K)
 Metaspace       used 31135K, committed 31488K, reserved 1081344K
  class space    used 4043K, committed 4224K, reserved 1048576K
}
Event: 8.204 GC heap before
{Heap before GC invocations=8 (full 0):
 garbage-first heap   total 55296K, used 33698K [0x0000000081800000, 0x0000000100000000)
  region size 1024K, 18 young (18432K), 2 survivors (2048K)
 Metaspace       used 35631K, committed 35968K, reserved 1081344K
  class space    used 4821K, committed 4992K, reserved 1048576K
}
Event: 8.209 GC heap after
{Heap after GC invocations=9 (full 0):
 garbage-first heap   total 55296K, used 19059K [0x0000000081800000, 0x0000000100000000)
  region size 1024K, 3 young (3072K), 3 survivors (3072K)
 Metaspace       used 35631K, committed 35968K, reserved 1081344K
  class space    used 4821K, committed 4992K, reserved 1048576K
}
Event: 9.067 GC heap before
{Heap before GC invocations=10 (full 0):
 garbage-first heap   total 55296K, used 38515K [0x0000000081800000, 0x0000000100000000)
  region size 1024K, 23 young (23552K), 3 survivors (3072K)
 Metaspace       used 41245K, committed 41536K, reserved 1089536K
  class space    used 5544K, committed 5696K, reserved 1048576K
}
Event: 9.072 GC heap after
{Heap after GC invocations=11 (full 0):
 garbage-first heap   total 55296K, used 20660K [0x0000000081800000, 0x0000000100000000)
  region size 1024K, 3 young (3072K), 3 survivors (3072K)
 Metaspace       used 41245K, committed 41536K, reserved 1089536K
  class space    used 5544K, committed 5696K, reserved 1048576K
}
Event: 9.896 GC heap before
{Heap before GC invocations=11 (full 0):
 garbage-first heap   total 55296K, used 41140K [0x0000000081800000, 0x0000000100000000)
  region size 1024K, 23 young (23552K), 3 survivors (3072K)
 Metaspace       used 46054K, committed 46400K, reserved 1089536K
  class space    used 6334K, committed 6528K, reserved 1048576K
}
Event: 9.903 GC heap after
{Heap after GC invocations=12 (full 0):
 garbage-first heap   total 55296K, used 21738K [0x0000000081800000, 0x0000000100000000)
  region size 1024K, 3 young (3072K), 3 survivors (3072K)
 Metaspace       used 46054K, committed 46400K, reserved 1089536K
  class space    used 6334K, committed 6528K, reserved 1048576K
}
Event: 10.897 GC heap before
{Heap before GC invocations=12 (full 0):
 garbage-first heap   total 55296K, used 42218K [0x0000000081800000, 0x0000000100000000)
  region size 1024K, 23 young (23552K), 3 survivors (3072K)
 Metaspace       used 49240K, committed 49600K, reserved 1097728K
  class space    used 6740K, committed 6912K, reserved 1048576K
}
Event: 10.904 GC heap after
{Heap after GC invocations=13 (full 0):
 garbage-first heap   total 55296K, used 23486K [0x0000000081800000, 0x0000000100000000)
  region size 1024K, 3 young (3072K), 3 survivors (3072K)
 Metaspace       used 49240K, committed 49600K, reserved 1097728K
  class space    used 6740K, committed 6912K, reserved 1048576K
}
Event: 11.419 GC heap before
{Heap before GC invocations=13 (full 0):
 garbage-first heap   total 55296K, used 41918K [0x0000000081800000, 0x0000000100000000)
  region size 1024K, 21 young (21504K), 3 survivors (3072K)
 Metaspace       used 51055K, committed 51392K, reserved 1097728K
  class space    used 6985K, committed 7168K, reserved 1048576K
}
Event: 11.428 GC heap after
{Heap after GC invocations=14 (full 0):
 garbage-first heap   total 55296K, used 25204K [0x0000000081800000, 0x0000000100000000)
  region size 1024K, 2 young (2048K), 2 survivors (2048K)
 Metaspace       used 51055K, committed 51392K, reserved 1097728K
  class space    used 6985K, committed 7168K, reserved 1048576K
}

