# JRE version: Java(TM) SE Runtime Environment (17.0.3.1+2) (build 17.0.3.1+2-LTS-6)
# Java VM: Java HotSpot(TM) 64-Bit Server VM (17.0.3.1+2-LTS-6, mixed mode, sharing, tiered, compressed oops, compressed class ptrs, g1 gc, windows-amd64)
GC Precious Log:
 CPUs: 4 total, 4 available
 Memory: 8095M
 Large Page Support: Disabled
 NUMA Support: Disabled
 Compressed Oops: Enabled (32-bit)
 Heap Region Size: 1M
 Heap Min Capacity: 8M
 Heap Initial Capacity: 128M
 Heap Max Capacity: 2024M
 Pre-touch: Disabled
 Parallel Workers: 4
 Concurrent Workers: 1
 Concurrent Refinement Workers: 4
 Periodic GC: Disabled
Heap:
 garbage-first heap   total 66560K, used 29094K [0x0000000081800000, 0x0000000100000000)
  region size 1024K, 13 young (13312K), 4 survivors (4096K)
 Metaspace       used 44645K, committed 44928K, reserved 1089536K
  class space    used 6204K, committed 6336K, reserved 1048576K
GC Heap History (18 events):
Event: 0.497 GC heap before
{Heap before GC invocations=0 (full 0):
 garbage-first heap   total 131072K, used 13312K [0x0000000081800000, 0x0000000100000000)
  region size 1024K, 13 young (13312K), 0 survivors (0K)
 Metaspace       used 2714K, committed 2880K, reserved 1056768K
  class space    used 283K, committed 384K, reserved 1048576K
}
Event: 0.504 GC heap after
{Heap after GC invocations=1 (full 0):
 garbage-first heap   total 131072K, used 7440K [0x0000000081800000, 0x0000000100000000)
  region size 1024K, 2 young (2048K), 2 survivors (2048K)
 Metaspace       used 2714K, committed 2880K, reserved 1056768K
  class space    used 283K, committed 384K, reserved 1048576K
}
Event: 0.839 GC heap before
{Heap before GC invocations=1 (full 0):
 garbage-first heap   total 131072K, used 16656K [0x0000000081800000, 0x0000000100000000)
  region size 1024K, 11 young (11264K), 2 survivors (2048K)
 Metaspace       used 5111K, committed 5248K, reserved 1056768K
  class space    used 637K, committed 704K, reserved 1048576K
}
Event: 0.843 GC heap after
{Heap after GC invocations=2 (full 0):
 garbage-first heap   total 131072K, used 8576K [0x0000000081800000, 0x0000000100000000)
  region size 1024K, 1 young (1024K), 1 survivors (1024K)
 Metaspace       used 5111K, committed 5248K, reserved 1056768K
  class space    used 637K, committed 704K, reserved 1048576K
}
Event: 1.537 GC heap before
{Heap before GC invocations=2 (full 0):
 garbage-first heap   total 131072K, used 32128K [0x0000000081800000, 0x0000000100000000)
  region size 1024K, 24 young (24576K), 1 survivors (1024K)
 Metaspace       used 11140K, committed 11392K, reserved 1064960K
  class space    used 1434K, committed 1536K, reserved 1048576K
}
Event: 1.541 GC heap after
{Heap after GC invocations=3 (full 0):
 garbage-first heap   total 131072K, used 10129K [0x0000000081800000, 0x0000000100000000)
  region size 1024K, 3 young (3072K), 3 survivors (3072K)
 Metaspace       used 11140K, committed 11392K, reserved 1064960K
  class space    used 1434K, committed 1536K, reserved 1048576K
}
Event: 2.720 GC heap before
{Heap before GC invocations=3 (full 0):
 garbage-first heap   total 131072K, used 61329K [0x0000000081800000, 0x0000000100000000)
  region size 1024K, 55 young (56320K), 3 survivors (3072K)
 Metaspace       used 21258K, committed 21504K, reserved 1073152K
  class space    used 2768K, committed 2880K, reserved 1048576K
}
Event: 2.728 GC heap after
{Heap after GC invocations=4 (full 0):
 garbage-first heap   total 131072K, used 13420K [0x0000000081800000, 0x0000000100000000)
  region size 1024K, 6 young (6144K), 6 survivors (6144K)
 Metaspace       used 21258K, committed 21504K, reserved 1073152K
  class space    used 2768K, committed 2880K, reserved 1048576K
}
Event: 3.542 GC heap before
{Heap before GC invocations=5 (full 0):
 garbage-first heap   total 55296K, used 43116K [0x0000000081800000, 0x0000000100000000)
  region size 1024K, 36 young (36864K), 6 survivors (6144K)
 Metaspace       used 25793K, committed 26048K, reserved 1073152K
  class space    used 3421K, committed 3520K, reserved 1048576K
}
Event: 3.554 GC heap after
{Heap after GC invocations=6 (full 0):
 garbage-first heap   total 55296K, used 14911K [0x0000000081800000, 0x0000000100000000)
  region size 1024K, 7 young (7168K), 7 survivors (7168K)
 Metaspace       used 25793K, committed 26048K, reserved 1073152K
  class space    used 3421K, committed 3520K, reserved 1048576K
}
Event: 4.162 GC heap before
{Heap before GC invocations=6 (full 0):
 garbage-first heap   total 55296K, used 37439K [0x0000000081800000, 0x0000000100000000)
  region size 1024K, 29 young (29696K), 7 survivors (7168K)
 Metaspace       used 28377K, committed 28672K, reserved 1081344K
  class space    used 3789K, committed 3968K, reserved 1048576K
}
Event: 4.180 GC heap after
{Heap after GC invocations=7 (full 0):
 garbage-first heap   total 55296K, used 16907K [0x0000000081800000, 0x0000000100000000)
  region size 1024K, 4 young (4096K), 4 survivors (4096K)
 Metaspace       used 28377K, committed 28672K, reserved 1081344K
  class space    used 3789K, committed 3968K, reserved 1048576K
}
Event: 5.007 GC heap before
{Heap before GC invocations=7 (full 0):
 garbage-first heap   total 55296K, used 39435K [0x0000000081800000, 0x0000000100000000)
  region size 1024K, 26 young (26624K), 4 survivors (4096K)
 Metaspace       used 34728K, committed 35008K, reserved 1081344K
  class space    used 4774K, committed 4928K, reserved 1048576K
}
Event: 5.019 GC heap after
{Heap after GC invocations=8 (full 0):
 garbage-first heap   total 66560K, used 18539K [0x0000000081800000, 0x0000000100000000)
  region size 1024K, 2 young (2048K), 2 survivors (2048K)
 Metaspace       used 34728K, committed 35008K, reserved 1081344K
  class space    used 4774K, committed 4928K, reserved 1048576K
}
Event: 5.196 GC heap before
{Heap before GC invocations=8 (full 0):
 garbage-first heap   total 66560K, used 20587K [0x0000000081800000, 0x0000000100000000)
  region size 1024K, 5 young (5120K), 2 survivors (2048K)
 Metaspace       used 35734K, committed 36096K, reserved 1081344K
  class space    used 4909K, committed 5056K, reserved 1048576K
}
Event: 5.201 GC heap after
{Heap after GC invocations=9 (full 0):
 garbage-first heap   total 66560K, used 18885K [0x0000000081800000, 0x0000000100000000)
  region size 1024K, 2 young (2048K), 2 survivors (2048K)
 Metaspace       used 35734K, committed 36096K, reserved 1081344K
  class space    used 4909K, committed 5056K, reserved 1048576K
}
Event: 6.229 GC heap before
{Heap before GC invocations=10 (full 0):
 garbage-first heap   total 66560K, used 49605K [0x0000000081800000, 0x0000000100000000)
  region size 1024K, 32 young (32768K), 2 survivors (2048K)
 Metaspace       used 42699K, committed 43008K, reserved 1089536K
  class space    used 5878K, committed 6016K, reserved 1048576K
}
Event: 6.239 GC heap after
{Heap after GC invocations=11 (full 0):
 garbage-first heap   total 66560K, used 20902K [0x0000000081800000, 0x0000000100000000)
  region size 1024K, 4 young (4096K), 4 survivors (4096K)
 Metaspace       used 42699K, committed 43008K, reserved 1089536K
  class space    used 5878K, committed 6016K, reserved 1048576K
}

